<?xml version="1.0" encoding="UTF-8"?>
<testng-results skipped="0" failed="0" ignored="0" total="1" passed="1">
  <reporter-output>
  </reporter-output>
  <suite name="Default suite" duration-ms="8760" started-at="2018-09-24T05:06:25Z" finished-at="2018-09-24T05:06:34Z">
    <groups>
    </groups>
    <test name="Default test" duration-ms="8760" started-at="2018-09-24T05:06:25Z" finished-at="2018-09-24T05:06:34Z">
      <class name="com.mindtree.main.MainClass">
        <test-method status="PASS" signature="TestMain()[pri:0, instance:com.mindtree.main.MainClass@7d9d1a19]" name="TestMain" duration-ms="8717" started-at="2018-09-24T10:36:25Z" finished-at="2018-09-24T10:36:34Z">
          <reporter-output>
          </reporter-output>
        </test-method> <!-- TestMain -->
      </class> <!-- com.mindtree.main.MainClass -->
    </test> <!-- Default test -->
  </suite> <!-- Default suite -->
</testng-results>
